2021-11-23 01:30:33,465 Namespace(conf_thres=0.001, dataDir='', iou_thres=0.6, local_rank=-1, logDir='logs/', modelDir='', prevModelDir='', sync_bn=False)
2021-11-23 01:30:33,465 AUTO_RESUME: False
CUDNN:
  BENCHMARK: True
  DETERMINISTIC: False
  ENABLED: True
DATASET:
  COLOR_RGB: False
  DATAROOT: /home/YOLOP/datasets/CULane
  DATASET: CULANE
  DATA_FORMAT: jpg
  FLIP: True
  HSV_H: 0.015
  HSV_S: 0.7
  HSV_V: 0.4
  LABELROOT: /home/YOLOP/datasets/CULane/object
  ORG_IMG_SIZE: [590, 1640]
  ROT_FACTOR: 10
  SCALE_FACTOR: 0.25
  SELECT_DATA: False
  SHEAR: 0.0
  TEST_SET: list/test.txt
  TRAIN_SET: list/train_gt.txt
  TRANSLATE: 0.1
DEBUG: False
GPUS: (0, 1)
LANE:
  AUX_SEG: True
  DATASET: CULane
  END_EPOCH: 40
  GRIDING_NUM: 96
  NUM_LANES: 4
  SHP_LOSS: 0.2
  SIM_LOSS: 0.2
  TEST_DIR: ./tmp
LOG_DIR: logs/
LOG_NOTE: 
LOSS:
  BOX_GAIN: 0.05
  CLS_GAIN: 0.5
  CLS_POS_WEIGHT: 1.0
  FL_GAMMA: 0.0
  LOSS_NAME: 
  MULTI_HEAD_LAMBDA: None
  OBJ_GAIN: 1.0
  OBJ_POS_WEIGHT: 1.0
  SEG_POS_WEIGHT: 1.0
MODEL:
  EXTRA:
    
  HEADS_NAME: ['']
  IMAGE_SIZE: [640, 640]
  NAME: 
  PRETRAINED: 
  PRETRAINED_DET: 
  STRU_WITHSHARE: False
NEED_AUTOANCHOR: False
PIN_MEMORY: False
PRINT_FREQ: 40
TEST:
  BATCH_SIZE_PER_GPU: 32
  MODEL_FILE: 
  NMS_CONF_THRESHOLD: 0.001
  NMS_IOU_THRESHOLD: 0.6
  PLOTS: True
  SAVE_JSON: False
  SAVE_TXT: False
TRAIN:
  ANCHOR_THRESHOLD: 4.0
  BATCH_SIZE: 80
  BEGIN_EPOCH: 0
  DET_ONLY: False
  DRIVABLE_ONLY: False
  ENC_DET_ONLY: False
  ENC_SEG_ONLY: False
  END_EPOCH: 150
  FINETUNE: None
  GAMMA1: 0.99
  GAMMA2: 0.0
  GAMMA3: 0.1
  IOU_THRESHOLD: 0.2
  LANE_ONLY: False
  LR0: 0.01
  LRF: 0.2
  MOMENTUM: 0.937
  NESTEROV: True
  OPTIMIZER: sgd
  PLOT: True
  RESUME: log/20211120_095454_lr_1e-02_b_80/ep093.pth
  SCHEDULER: multi
  SEG_ONLY: False
  SHUFFLE: True
  STEP: [25, 38]
  VAL_FREQ: 1
  WARMUP: linear
  WARMUP_ITERS: 695
  WD: 0.0001
WORKERS: 8
num_seg_class: 2
